mode: atomic
github.com/koreset/azure-notificationhubs-go/utils/expiration_time_generator.go:16.59,18.2 1 0
github.com/koreset/azure-notificationhubs-go/utils/expiration_time_generator.go:21.64,23.2 1 0
github.com/koreset/azure-notificationhubs-go/utils/expiration_time_generator.go:26.42,28.2 1 0
github.com/koreset/azure-notificationhubs-go/utils/http_client.go:22.36,26.2 1 0
github.com/koreset/azure-notificationhubs-go/utils/http_client.go:29.81,31.2 1 0
github.com/koreset/azure-notificationhubs-go/utils/http_client.go:35.102,36.18 1 0
github.com/koreset/azure-notificationhubs-go/utils/http_client.go:36.18,38.3 1 0
github.com/koreset/azure-notificationhubs-go/utils/http_client.go:40.2,40.15 1 0
github.com/koreset/azure-notificationhubs-go/utils/http_client.go:40.15,41.45 1 0
github.com/koreset/azure-notificationhubs-go/utils/http_client.go:41.45,43.4 1 0
github.com/koreset/azure-notificationhubs-go/utils/http_client.go:46.2,48.16 3 0
github.com/koreset/azure-notificationhubs-go/utils/http_client.go:48.16,50.3 1 0
github.com/koreset/azure-notificationhubs-go/utils/http_client.go:52.2,52.40 1 0
github.com/koreset/azure-notificationhubs-go/utils/http_client.go:52.40,54.3 1 0
github.com/koreset/azure-notificationhubs-go/utils/http_client.go:56.2,56.17 1 0
github.com/koreset/azure-notificationhubs-go/utils/http_client.go:56.17,58.3 1 0
github.com/koreset/azure-notificationhubs-go/utils/http_client.go:60.2,60.8 1 0
github.com/koreset/azure-notificationhubs-go/utils/http_client.go:65.38,67.2 1 0
github.com/koreset/azure-notificationhubs-go/errors.go:62.47,63.21 1 0
github.com/koreset/azure-notificationhubs-go/errors.go:63.21,65.3 1 0
github.com/koreset/azure-notificationhubs-go/errors.go:66.2,66.74 1 0
github.com/koreset/azure-notificationhubs-go/errors.go:70.47,72.2 1 0
github.com/koreset/azure-notificationhubs-go/errors.go:75.54,76.49 1 0
github.com/koreset/azure-notificationhubs-go/errors.go:76.49,78.3 1 0
github.com/koreset/azure-notificationhubs-go/errors.go:79.2,79.14 1 0
github.com/koreset/azure-notificationhubs-go/errors.go:83.51,84.16 1 0
github.com/koreset/azure-notificationhubs-go/errors.go:85.75,86.14 1 0
github.com/koreset/azure-notificationhubs-go/errors.go:87.28,88.14 1 0
github.com/koreset/azure-notificationhubs-go/errors.go:89.10,90.15 1 0
github.com/koreset/azure-notificationhubs-go/errors.go:95.61,96.16 1 0
github.com/koreset/azure-notificationhubs-go/errors.go:97.94,98.14 1 0
github.com/koreset/azure-notificationhubs-go/errors.go:99.10,100.15 1 0
github.com/koreset/azure-notificationhubs-go/errors.go:105.69,110.2 1 0
github.com/koreset/azure-notificationhubs-go/errors.go:113.91,119.2 1 0
github.com/koreset/azure-notificationhubs-go/errors.go:122.87,128.25 2 0
github.com/koreset/azure-notificationhubs-go/errors.go:129.29,131.30 2 0
github.com/koreset/azure-notificationhubs-go/errors.go:132.31,134.31 2 0
github.com/koreset/azure-notificationhubs-go/errors.go:135.28,137.40 2 0
github.com/koreset/azure-notificationhubs-go/errors.go:138.27,140.37 2 0
github.com/koreset/azure-notificationhubs-go/errors.go:141.40,143.36 2 0
github.com/koreset/azure-notificationhubs-go/errors.go:144.34,146.31 2 0
github.com/koreset/azure-notificationhubs-go/errors.go:147.38,149.40 2 0
github.com/koreset/azure-notificationhubs-go/errors.go:150.37,152.38 2 0
github.com/koreset/azure-notificationhubs-go/errors.go:153.33,155.34 2 0
github.com/koreset/azure-notificationhubs-go/errors.go:156.10,158.56 2 0
github.com/koreset/azure-notificationhubs-go/errors.go:161.2,161.19 1 0
github.com/koreset/azure-notificationhubs-go/errors.go:161.19,163.3 1 0
github.com/koreset/azure-notificationhubs-go/errors.go:165.2,165.12 1 0
github.com/koreset/azure-notificationhubs-go/errors.go:176.42,178.2 1 0
github.com/koreset/azure-notificationhubs-go/errors.go:181.84,187.2 1 0
github.com/koreset/azure-notificationhubs-go/errors.go:195.37,196.24 1 0
github.com/koreset/azure-notificationhubs-go/errors.go:196.24,198.3 1 0
github.com/koreset/azure-notificationhubs-go/errors.go:199.2,199.75 1 0
github.com/koreset/azure-notificationhubs-go/errors.go:203.37,204.16 1 0
github.com/koreset/azure-notificationhubs-go/errors.go:204.16,206.3 1 0
github.com/koreset/azure-notificationhubs-go/errors.go:210.39,212.2 1 0
github.com/koreset/azure-notificationhubs-go/errors.go:215.38,216.20 1 0
github.com/koreset/azure-notificationhubs-go/errors.go:216.20,218.3 1 0
github.com/koreset/azure-notificationhubs-go/errors.go:219.2,219.10 1 0
github.com/koreset/azure-notificationhubs-go/errors.go:223.34,227.2 1 0
github.com/koreset/azure-notificationhubs-go/installation.go:12.136,18.16 3 1
github.com/koreset/azure-notificationhubs-go/installation.go:18.16,20.3 1 0
github.com/koreset/azure-notificationhubs-go/installation.go:22.2,23.8 2 1
github.com/koreset/azure-notificationhubs-go/installation.go:27.95,36.16 3 1
github.com/koreset/azure-notificationhubs-go/installation.go:36.16,38.3 1 0
github.com/koreset/azure-notificationhubs-go/installation.go:40.2,41.8 2 1
github.com/koreset/azure-notificationhubs-go/installation.go:45.121,54.16 3 1
github.com/koreset/azure-notificationhubs-go/installation.go:54.16,56.3 1 0
github.com/koreset/azure-notificationhubs-go/installation.go:58.2,59.8 2 1
github.com/koreset/azure-notificationhubs-go/installation.go:63.60,65.2 1 1
github.com/koreset/azure-notificationhubs-go/installation.go:68.49,71.2 2 1
github.com/koreset/azure-notificationhubs-go/installation.go:74.44,76.2 1 1
github.com/koreset/azure-notificationhubs-go/installation.go:79.47,81.2 1 1
github.com/koreset/azure-notificationhubs-go/installation.go:85.81,88.2 2 0
github.com/koreset/azure-notificationhubs-go/installation.go:91.81,94.2 2 1
github.com/koreset/azure-notificationhubs-go/installation.go:97.60,99.2 1 1
github.com/koreset/azure-notificationhubs-go/installation.go:102.84,105.2 2 1
github.com/koreset/azure-notificationhubs-go/installation.go:108.70,111.2 2 1
github.com/koreset/azure-notificationhubs-go/installation.go:114.58,116.2 1 1
github.com/koreset/azure-notificationhubs-go/installation.go:119.61,121.2 1 1
github.com/koreset/azure-notificationhubs-go/installation.go:124.53,126.2 1 1
github.com/koreset/azure-notificationhubs-go/installation.go:130.96,133.2 2 0
github.com/koreset/azure-notificationhubs-go/installation.go:137.96,140.2 2 0
github.com/koreset/azure-notificationhubs-go/installation.go:143.79,145.2 1 1
github.com/koreset/azure-notificationhubs-go/installation.go:148.75,151.2 2 1
github.com/koreset/azure-notificationhubs-go/installation.go:154.63,156.2 1 1
github.com/koreset/azure-notificationhubs-go/installation.go:159.66,161.2 1 1
github.com/koreset/azure-notificationhubs-go/installation.go:164.107,167.2 2 1
github.com/koreset/azure-notificationhubs-go/installation.go:170.108,173.2 2 1
github.com/koreset/azure-notificationhubs-go/installation.go:176.83,178.2 1 1
github.com/koreset/azure-notificationhubs-go/installation.go:181.107,184.2 2 1
github.com/koreset/azure-notificationhubs-go/installation.go:187.93,190.2 2 1
github.com/koreset/azure-notificationhubs-go/installation.go:193.76,195.2 1 1
github.com/koreset/azure-notificationhubs-go/installation.go:199.58,201.2 1 0
github.com/koreset/azure-notificationhubs-go/installation.go:204.93,214.2 3 1
github.com/koreset/azure-notificationhubs-go/internal.go:36.61,39.2 1 6
github.com/koreset/azure-notificationhubs-go/main.go:7.76,9.2 1 22
github.com/koreset/azure-notificationhubs-go/main.go:12.88,14.2 1 17
github.com/koreset/azure-notificationhubs-go/main.go:18.52,20.2 1 0
github.com/koreset/azure-notificationhubs-go/main.go:24.66,26.2 1 0
github.com/koreset/azure-notificationhubs-go/notification.go:24.88,25.23 1 17
github.com/koreset/azure-notificationhubs-go/notification.go:25.23,27.3 1 1
github.com/koreset/azure-notificationhubs-go/notification.go:29.2,29.44 1 16
github.com/koreset/azure-notificationhubs-go/notification.go:33.40,35.2 1 0
github.com/koreset/azure-notificationhubs-go/notification.go:37.55,40.16 3 2
github.com/koreset/azure-notificationhubs-go/notification.go:40.16,42.3 1 0
github.com/koreset/azure-notificationhubs-go/notification.go:44.2,44.57 1 2
github.com/koreset/azure-notificationhubs-go/notificationhub.go:29.76,36.36 2 22
github.com/koreset/azure-notificationhubs-go/notificationhub.go:36.36,37.49 1 64
github.com/koreset/azure-notificationhubs-go/notificationhub.go:37.49,39.18 2 21
github.com/koreset/azure-notificationhubs-go/notificationhub.go:39.18,41.5 1 21
github.com/koreset/azure-notificationhubs-go/notificationhub.go:42.4,42.12 1 21
github.com/koreset/azure-notificationhubs-go/notificationhub.go:45.3,45.52 1 43
github.com/koreset/azure-notificationhubs-go/notificationhub.go:45.52,47.12 2 21
github.com/koreset/azure-notificationhubs-go/notificationhub.go:50.3,50.53 1 22
github.com/koreset/azure-notificationhubs-go/notificationhub.go:50.53,52.12 2 21
github.com/koreset/azure-notificationhubs-go/notificationhub.go:56.2,56.58 1 22
github.com/koreset/azure-notificationhubs-go/notificationhub.go:56.58,58.3 1 22
github.com/koreset/azure-notificationhubs-go/notificationhub.go:60.2,69.3 3 22
github.com/koreset/azure-notificationhubs-go/notificationhub.go:73.61,75.2 1 20
github.com/koreset/azure-notificationhubs-go/notificationhub.go:78.87,80.2 1 20
github.com/koreset/azure-notificationhubs-go/notificationhub.go:84.53,108.2 10 19
github.com/koreset/azure-notificationhubs-go/notificationhub.go:111.146,114.16 3 19
github.com/koreset/azure-notificationhubs-go/notificationhub.go:114.16,116.3 1 0
github.com/koreset/azure-notificationhubs-go/notificationhub.go:117.2,118.35 2 19
github.com/koreset/azure-notificationhubs-go/notificationhub.go:118.35,120.3 1 59
github.com/koreset/azure-notificationhubs-go/notificationhub.go:121.2,121.27 1 19
github.com/koreset/azure-notificationhubs-go/notificationhub.go:125.68,132.2 1 19
github.com/koreset/azure-notificationhubs-go/platform.go:5.53,6.11 1 23
github.com/koreset/azure-notificationhubs-go/platform.go:11.15,12.28 1 21
github.com/koreset/azure-notificationhubs-go/platform.go:15.2,15.26 1 2
github.com/koreset/azure-notificationhubs-go/platform.go:19.44,27.2 1 26
github.com/koreset/azure-notificationhubs-go/platform.go:30.40,44.2 1 16
github.com/koreset/azure-notificationhubs-go/registration.go:15.52,23.2 1 0
github.com/koreset/azure-notificationhubs-go/registration.go:27.66,36.2 1 0
github.com/koreset/azure-notificationhubs-go/registration.go:39.37,40.34 1 1
github.com/koreset/azure-notificationhubs-go/registration.go:40.34,41.39 1 4
github.com/koreset/azure-notificationhubs-go/registration.go:41.39,43.4 1 4
github.com/koreset/azure-notificationhubs-go/registration.go:48.41,49.34 1 3
github.com/koreset/azure-notificationhubs-go/registration.go:49.34,51.3 1 3
github.com/koreset/azure-notificationhubs-go/registration.go:55.43,56.92 1 7
github.com/koreset/azure-notificationhubs-go/registration.go:56.92,57.52 1 5
github.com/koreset/azure-notificationhubs-go/registration.go:57.52,61.4 3 1
github.com/koreset/azure-notificationhubs-go/registration.go:61.9,65.4 3 4
github.com/koreset/azure-notificationhubs-go/registration.go:66.3,69.47 4 5
github.com/koreset/azure-notificationhubs-go/registration.go:70.8,70.99 1 2
github.com/koreset/azure-notificationhubs-go/registration.go:70.99,71.52 1 2
github.com/koreset/azure-notificationhubs-go/registration.go:71.52,75.4 3 0
github.com/koreset/azure-notificationhubs-go/registration.go:75.9,79.4 3 2
github.com/koreset/azure-notificationhubs-go/registration.go:80.3,83.47 4 2
github.com/koreset/azure-notificationhubs-go/registration.go:85.2,85.31 1 7
github.com/koreset/azure-notificationhubs-go/registration.go:85.31,87.17 2 7
github.com/koreset/azure-notificationhubs-go/registration.go:87.17,89.4 1 2
github.com/koreset/azure-notificationhubs-go/registration.go:90.3,92.43 3 7
github.com/koreset/azure-notificationhubs-go/registration.go:92.43,94.4 1 6
github.com/koreset/azure-notificationhubs-go/registration.go:95.3,95.38 1 7
github.com/koreset/azure-notificationhubs-go/registration.go:100.148,105.16 3 0
github.com/koreset/azure-notificationhubs-go/registration.go:105.16,107.3 1 0
github.com/koreset/azure-notificationhubs-go/registration.go:108.2,108.63 1 0
github.com/koreset/azure-notificationhubs-go/registration.go:108.63,110.3 1 0
github.com/koreset/azure-notificationhubs-go/registration.go:111.2,112.8 2 0
github.com/koreset/azure-notificationhubs-go/registration.go:116.116,118.16 2 2
github.com/koreset/azure-notificationhubs-go/registration.go:118.16,120.3 1 0
github.com/koreset/azure-notificationhubs-go/registration.go:121.2,121.58 1 2
github.com/koreset/azure-notificationhubs-go/registration.go:121.58,123.3 1 1
github.com/koreset/azure-notificationhubs-go/registration.go:124.2,125.8 2 1
github.com/koreset/azure-notificationhubs-go/registration.go:129.137,139.30 2 3
github.com/koreset/azure-notificationhubs-go/registration.go:140.19,141.78 1 1
github.com/koreset/azure-notificationhubs-go/registration.go:142.19,143.78 1 2
github.com/koreset/azure-notificationhubs-go/registration.go:144.10,145.69 1 0
github.com/koreset/azure-notificationhubs-go/registration.go:147.2,149.28 2 3
github.com/koreset/azure-notificationhubs-go/registration.go:149.28,152.3 2 0
github.com/koreset/azure-notificationhubs-go/registration.go:154.2,156.16 2 3
github.com/koreset/azure-notificationhubs-go/registration.go:156.16,157.64 1 2
github.com/koreset/azure-notificationhubs-go/registration.go:157.64,159.4 1 0
github.com/koreset/azure-notificationhubs-go/registration.go:161.2,161.31 1 3
github.com/koreset/azure-notificationhubs-go/registration.go:161.31,163.3 1 2
github.com/koreset/azure-notificationhubs-go/registration.go:164.2,164.8 1 3
github.com/koreset/azure-notificationhubs-go/registration.go:168.157,178.20 2 1
github.com/koreset/azure-notificationhubs-go/registration.go:179.21,180.86 1 1
github.com/koreset/azure-notificationhubs-go/registration.go:181.21,182.86 1 0
github.com/koreset/azure-notificationhubs-go/registration.go:183.10,184.69 1 0
github.com/koreset/azure-notificationhubs-go/registration.go:186.2,189.28 3 1
github.com/koreset/azure-notificationhubs-go/registration.go:189.28,192.3 2 0
github.com/koreset/azure-notificationhubs-go/registration.go:194.2,196.16 2 1
github.com/koreset/azure-notificationhubs-go/registration.go:196.16,197.64 1 1
github.com/koreset/azure-notificationhubs-go/registration.go:197.64,199.4 1 0
github.com/koreset/azure-notificationhubs-go/registration.go:201.2,201.31 1 1
github.com/koreset/azure-notificationhubs-go/registration.go:201.31,203.3 1 1
github.com/koreset/azure-notificationhubs-go/registration.go:204.2,204.8 1 1
github.com/koreset/azure-notificationhubs-go/registration.go:208.102,219.2 3 1
github.com/koreset/azure-notificationhubs-go/send.go:22.142,24.16 2 5
github.com/koreset/azure-notificationhubs-go/send.go:24.16,26.3 1 1
github.com/koreset/azure-notificationhubs-go/send.go:27.2,27.8 1 4
github.com/koreset/azure-notificationhubs-go/send.go:31.155,33.16 2 0
github.com/koreset/azure-notificationhubs-go/send.go:33.16,35.3 1 0
github.com/koreset/azure-notificationhubs-go/send.go:36.2,36.8 1 0
github.com/koreset/azure-notificationhubs-go/send.go:40.164,42.16 2 1
github.com/koreset/azure-notificationhubs-go/send.go:42.16,44.3 1 1
github.com/koreset/azure-notificationhubs-go/send.go:45.2,45.8 1 0
github.com/koreset/azure-notificationhubs-go/send.go:51.169,53.16 2 3
github.com/koreset/azure-notificationhubs-go/send.go:53.16,55.3 1 2
github.com/koreset/azure-notificationhubs-go/send.go:56.2,56.8 1 1
github.com/koreset/azure-notificationhubs-go/send.go:60.166,70.35 2 8
github.com/koreset/azure-notificationhubs-go/send.go:70.35,72.3 1 1
github.com/koreset/azure-notificationhubs-go/send.go:75.2,75.29 1 8
github.com/koreset/azure-notificationhubs-go/send.go:75.29,76.45 1 2
github.com/koreset/azure-notificationhubs-go/send.go:76.45,79.4 2 1
github.com/koreset/azure-notificationhubs-go/send.go:79.9,82.4 2 1
github.com/koreset/azure-notificationhubs-go/send.go:85.2,85.24 1 8
github.com/koreset/azure-notificationhubs-go/send.go:85.24,86.36 1 3
github.com/koreset/azure-notificationhubs-go/send.go:86.36,89.4 2 2
github.com/koreset/azure-notificationhubs-go/send.go:89.9,91.4 1 1
github.com/koreset/azure-notificationhubs-go/send.go:92.8,94.3 1 5
github.com/koreset/azure-notificationhubs-go/send.go:96.2,97.16 2 7
github.com/koreset/azure-notificationhubs-go/send.go:97.16,99.3 1 2
github.com/koreset/azure-notificationhubs-go/send.go:100.2,101.8 2 5
github.com/koreset/azure-notificationhubs-go/send.go:104.155,122.16 5 0
github.com/koreset/azure-notificationhubs-go/send.go:122.16,124.3 1 0
github.com/koreset/azure-notificationhubs-go/send.go:125.2,126.8 2 0
github.com/koreset/azure-notificationhubs-go/send.go:129.163,130.31 1 1
github.com/koreset/azure-notificationhubs-go/send.go:130.31,133.3 2 0
github.com/koreset/azure-notificationhubs-go/send.go:135.2,143.16 5 1
github.com/koreset/azure-notificationhubs-go/send.go:143.16,145.3 1 0
github.com/koreset/azure-notificationhubs-go/send.go:146.2,146.48 1 1
github.com/koreset/azure-notificationhubs-go/send.go:146.48,148.3 1 0
github.com/koreset/azure-notificationhubs-go/send.go:150.2,154.16 2 1
github.com/koreset/azure-notificationhubs-go/send.go:154.16,156.3 1 0
github.com/koreset/azure-notificationhubs-go/send.go:157.2,159.16 3 1
github.com/koreset/azure-notificationhubs-go/send.go:159.16,161.3 1 0
github.com/koreset/azure-notificationhubs-go/send.go:162.2,162.46 1 1
github.com/koreset/azure-notificationhubs-go/send.go:162.46,164.3 1 0
github.com/koreset/azure-notificationhubs-go/send.go:166.2,182.16 5 1
github.com/koreset/azure-notificationhubs-go/send.go:182.16,184.3 1 1
github.com/koreset/azure-notificationhubs-go/send.go:185.2,186.8 2 0
github.com/koreset/azure-notificationhubs-go/telemetry.go:14.145,20.16 4 0
github.com/koreset/azure-notificationhubs-go/telemetry.go:20.16,22.3 1 0
github.com/koreset/azure-notificationhubs-go/telemetry.go:23.2,23.52 1 0
github.com/koreset/azure-notificationhubs-go/telemetry.go:23.52,25.3 1 0
github.com/koreset/azure-notificationhubs-go/telemetry.go:26.2,26.8 1 0
github.com/koreset/azure-notificationhubs-go/telemetry.go:30.81,33.58 3 9
github.com/koreset/azure-notificationhubs-go/telemetry.go:33.58,34.38 1 9
github.com/koreset/azure-notificationhubs-go/telemetry.go:34.38,36.20 2 18
github.com/koreset/azure-notificationhubs-go/telemetry.go:36.20,40.5 1 9
github.com/koreset/azure-notificationhubs-go/telemetry.go:43.2,43.12 1 0
github.com/koreset/azure-notificationhubs-go/telemetry.go:48.104,49.47 1 7
github.com/koreset/azure-notificationhubs-go/telemetry.go:49.47,51.3 1 0
github.com/koreset/azure-notificationhubs-go/telemetry.go:52.2,53.24 2 7
github.com/koreset/azure-notificationhubs-go/telemetry.go:53.24,55.3 1 0
github.com/koreset/azure-notificationhubs-go/telemetry.go:56.2,56.63 1 7
github.com/koreset/azure-notificationhubs-go/utils/expiration_time_generator.go:16.59,18.2 1 23
github.com/koreset/azure-notificationhubs-go/utils/expiration_time_generator.go:21.64,23.2 1 29
github.com/koreset/azure-notificationhubs-go/utils/expiration_time_generator.go:26.42,28.2 1 0
github.com/koreset/azure-notificationhubs-go/utils/http_client.go:22.36,26.2 1 22
github.com/koreset/azure-notificationhubs-go/utils/http_client.go:29.81,31.2 1 0
github.com/koreset/azure-notificationhubs-go/utils/http_client.go:35.102,36.18 1 0
github.com/koreset/azure-notificationhubs-go/utils/http_client.go:36.18,38.3 1 0
github.com/koreset/azure-notificationhubs-go/utils/http_client.go:40.2,40.15 1 0
github.com/koreset/azure-notificationhubs-go/utils/http_client.go:40.15,41.45 1 0
github.com/koreset/azure-notificationhubs-go/utils/http_client.go:41.45,43.4 1 0
github.com/koreset/azure-notificationhubs-go/utils/http_client.go:46.2,48.16 3 0
github.com/koreset/azure-notificationhubs-go/utils/http_client.go:48.16,50.3 1 0
github.com/koreset/azure-notificationhubs-go/utils/http_client.go:52.2,52.40 1 0
github.com/koreset/azure-notificationhubs-go/utils/http_client.go:52.40,54.3 1 0
github.com/koreset/azure-notificationhubs-go/utils/http_client.go:56.2,56.17 1 0
github.com/koreset/azure-notificationhubs-go/utils/http_client.go:56.17,58.3 1 0
github.com/koreset/azure-notificationhubs-go/utils/http_client.go:60.2,60.8 1 0
github.com/koreset/azure-notificationhubs-go/utils/http_client.go:65.38,67.2 1 0
